<?xml version="1.0" encoding="UTF-8"?>
<!-- Generated by org.testng.reporters.JUnitReportReporter -->
<testsuite hostname="DeSkToP-SuDhInDaR" failures="0" tests="1" name="testcases.Create_Account_S1106" time="14.737" errors="0" timestamp="2024-08-18T17:09:25 IST" skipped="0">
  <testcase classname="testcases.Create_Account_S1106" name="createAccount" time="14.737"/>
  <system-out/>
</testsuite> <!-- testcases.Create_Account_S1106 -->
