<?xml version="1.0" encoding="UTF-8"?>
<!-- Generated by org.testng.reporters.JUnitReportReporter -->
<testsuite hostname="DeSkToP-SuDhInDaR" failures="0" tests="1" name="testcases.WTG_CreateWithoutMandatoryFields" time="56.917" errors="0" timestamp="2024-08-18T17:09:25 IST" skipped="0">
  <testcase classname="testcases.WTG_CreateWithoutMandatoryFields" name="runWTGCreateWithoutMandatoryFields" time="56.917"/>
  <system-out/>
</testsuite> <!-- testcases.WTG_CreateWithoutMandatoryFields -->
