<?xml version="1.0" encoding="UTF-8"?>
<!-- Generated by org.testng.reporters.JUnitReportReporter -->
<testsuite hostname="DESKTOP-CB6ITL8" failures="0" tests="2" name="testcases.CreateNewServiceTerritory" time="28.256" errors="0" timestamp="2024-08-30T17:18:00 IST" skipped="0">
  <testcase classname="testcases.CreateNewServiceTerritory" name="createServiceTerritory" time="14.224"/>
  <system-out/>
  <testcase classname="testcases.CreateNewServiceTerritory" name="createServiceTerritory" time="14.032"/>
  <system-out/>
</testsuite> <!-- testcases.CreateNewServiceTerritory -->
