<?xml version="1.0" encoding="UTF-8"?>
<!-- Generated by org.testng.reporters.JUnitReportReporter -->
<testsuite hostname="DESKTOP-CB6ITL8" failures="0" tests="1" name="testcases.CreateTaskFunctionality" time="11.292" errors="0" timestamp="2024-08-10T16:59:53 IST" skipped="0">
  <testcase classname="testcases.CreateTaskFunctionality" name="runCreateTask" time="11.292"/>
  <system-out/>
</testsuite> <!-- testcases.CreateTaskFunctionality -->
