<?xml version="1.0" encoding="UTF-8"?>
<!-- Generated by org.testng.reporters.JUnitReportReporter -->
<testsuite hostname="DESKTOP-06OS2VR" failures="0" tests="1" name="testcases.WTG_CreateWithoutMandatoryFields" time="73.395" errors="0" timestamp="2024-08-17T21:03:06 IST" skipped="0">
  <testcase classname="testcases.WTG_CreateWithoutMandatoryFields" name="runWTGCreateWithoutMandatoryFields" time="73.395"/>
  <system-out/>
</testsuite> <!-- testcases.WTG_CreateWithoutMandatoryFields -->
