<?xml version="1.0" encoding="UTF-8"?>
<!-- Generated by org.testng.reporters.JUnitReportReporter -->
<testsuite hostname="DeSkToP-SuDhInDaR" failures="0" tests="1" name="testcases.Edit_Account_S1107" time="18.977" errors="0" timestamp="2024-08-18T17:09:25 IST" skipped="0">
  <testcase classname="testcases.Edit_Account_S1107" name="edit_Account" time="18.977"/>
  <system-out/>
</testsuite> <!-- testcases.Edit_Account_S1107 -->
