<?xml version="1.0" encoding="UTF-8"?>
<!-- Generated by org.testng.reporters.JUnitReportReporter -->
<testsuite hostname="DeSkToP-SuDhInDaR" failures="0" tests="1" name="testcases.EditTask" time="18.033" errors="0" timestamp="2024-08-18T17:09:25 IST" skipped="0">
  <testcase classname="testcases.EditTask" name="runEditTask" time="18.033"/>
  <system-out/>
</testsuite> <!-- testcases.EditTask -->
