<?xml version="1.0" encoding="UTF-8"?>
<!-- Generated by org.testng.reporters.JUnitReportReporter -->
<testsuite hostname="DESKTOP-CB6ITL8" failures="0" tests="1" name="testcases.EditTask" time="23.210" errors="0" timestamp="2024-08-10T16:28:05 IST" skipped="0">
  <testcase classname="testcases.EditTask" name="runEditTask" time="23.210"/>
  <system-out/>
</testsuite> <!-- testcases.EditTask -->
