<?xml version="1.0" encoding="UTF-8"?>
<!-- Generated by org.testng.reporters.JUnitReportReporter -->
<testsuite hostname="DESKTOP-CB6ITL8" failures="0" tests="1" name="testcases.CreateTaskFunctionality" time="18.689" errors="0" timestamp="2024-08-25T17:36:11 IST" skipped="0">
  <testcase classname="testcases.CreateTaskFunctionality" name="runCreateTask" time="18.689"/>
  <system-out/>
</testsuite> <!-- testcases.CreateTaskFunctionality -->
