<?xml version="1.0" encoding="UTF-8"?>
<!-- Generated by org.testng.reporters.JUnitReportReporter -->
<testsuite hostname="DESKTOP-06OS2VR" failures="0" tests="2" name="testcases.WTG_Edit" time="72.214" errors="0" timestamp="2024-08-17T21:03:06 IST" skipped="0">
  <testcase classname="testcases.WTG_Edit" name="runWTGEdit" time="35.927"/>
  <system-out/>
  <testcase classname="testcases.WTG_Edit" name="runWTGEdit" time="36.287"/>
  <system-out/>
</testsuite> <!-- testcases.WTG_Edit -->
