<?xml version="1.0" encoding="UTF-8"?>
<<<<<<< HEAD
<!-- Generated by org.testng.reporters.JUnitReportReporter -->
<testsuite hostname="DeSkToP-SuDhInDaR" failures="0" tests="1" name="testcases.WTG_CreateWithoutMandatoryFields" time="56.917" errors="0" timestamp="2024-08-18T17:09:25 IST" skipped="0">
  <testcase classname="testcases.WTG_CreateWithoutMandatoryFields" name="runWTGCreateWithoutMandatoryFields" time="56.917"/>
=======
<!-- Generated by org.testng.reporters.JUnitReportReporter -->
<testsuite hostname="DESKTOP-06OS2VR" failures="0" tests="1" name="testcases.WTG_CreateWithoutMandatoryFields" time="77.677" errors="0" timestamp="2024-08-17T23:50:42 IST" skipped="0">
  <testcase classname="testcases.WTG_CreateWithoutMandatoryFields" name="runWTGCreateWithoutMandatoryFields" time="77.677"/>
>>>>>>> branch 'master' of https://github.com/SeleniumbootcampRaghuteam/SeleniumBootcamp_Jun2024.git
  <system-out/>
</testsuite> <!-- testcases.WTG_CreateWithoutMandatoryFields -->
