<?xml version="1.0" encoding="UTF-8"?>
<!-- Generated by org.testng.reporters.JUnitReportReporter -->
<testsuite hostname="DESKTOP-06OS2VR" failures="0" tests="2" name="testcases.WTG_Delete" time="59.718" errors="0" timestamp="2024-08-17T21:10:46 IST" skipped="0">
  <testcase classname="testcases.WTG_Delete" name="runWTGDelete" time="30.593"/>
  <system-out/>
  <testcase classname="testcases.WTG_Delete" name="runWTGDelete" time="29.125"/>
  <system-out/>
</testsuite> <!-- testcases.WTG_Delete -->
