<?xml version="1.0" encoding="UTF-8"?>
<!-- Generated by org.testng.reporters.JUnitReportReporter -->
<testsuite hostname="DESKTOP-7I78RGS" failures="0" tests="1" name="testcases.Create_Legal_Entity_S11108" time="20.965" errors="0" timestamp="2024-08-18T17:01:46 IST" skipped="0">
  <testcase classname="testcases.Create_Legal_Entity_S11108" name="newlegalentity" time="20.965"/>
  <system-out/>
</testsuite> <!-- testcases.Create_Legal_Entity_S11108 -->
