<?xml version="1.0" encoding="UTF-8"?>
<!-- Generated by org.testng.reporters.JUnitReportReporter -->
<testsuite hostname="DESKTOP-CB6ITL8" failures="0" tests="1" name="testcases.Create_Account_S1106" time="24.277" errors="0" timestamp="2024-08-10T16:06:39 IST" skipped="0">
  <testcase classname="testcases.Create_Account_S1106" name="createAccount" time="24.277"/>
  <system-out/>
</testsuite> <!-- testcases.Create_Account_S1106 -->
