<?xml version="1.0" encoding="UTF-8"?>
<!-- Generated by org.testng.reporters.JUnitReportReporter -->
<testsuite hostname="DeSkToP-SuDhInDaR" failures="0" tests="1" name="testcases.WTG_Edit" time="0.000" errors="0" timestamp="2024-08-18T17:09:25 IST" skipped="1">
  <testcase classname="testcases.WTG_Edit" name="runWTGEdit" time="0.000">
    <skipped/>
  </testcase> <!-- runWTGEdit -->
  <system-out/>
</testsuite> <!-- testcases.WTG_Edit -->
