<?xml version="1.0" encoding="UTF-8"?>
<!-- Generated by org.testng.reporters.JUnitReportReporter -->
<testsuite hostname="DESKTOP-CB6ITL8" failures="0" tests="1" name="testcases.Edit_Account_S1107" time="23.544" errors="0" timestamp="2024-08-10T16:29:44 IST" skipped="0">
  <testcase classname="testcases.Edit_Account_S1107" name="edit_Account" time="23.544"/>
  <system-out/>
</testsuite> <!-- testcases.Edit_Account_S1107 -->
