<?xml version="1.0" encoding="UTF-8"?>
<!-- Generated by org.testng.reporters.JUnitReportReporter -->
<testsuite hostname="DESKTOP-06OS2VR" failures="0" tests="2" name="testcases.WTG_Create" time="148.029" errors="0" timestamp="2024-08-17T21:03:06 IST" skipped="0">
  <testcase classname="testcases.WTG_Create" name="runWTGCreate" time="73.530"/>
  <system-out/>
  <testcase classname="testcases.WTG_Create" name="runWTGCreate" time="74.499"/>
  <system-out/>
</testsuite> <!-- testcases.WTG_Create -->
