<?xml version="1.0" encoding="UTF-8"?>
<!-- Generated by org.testng.reporters.JUnitReportReporter -->
<testsuite hostname="DESKTOP-CB6ITL8" failures="0" tests="2" name="testcases.CreateNewServiceTerritory" time="38.062" errors="0" timestamp="2024-08-10T16:34:32 IST" skipped="0">
  <testcase classname="testcases.CreateNewServiceTerritory" name="createServiceTerritory" time="18.129"/>
  <system-out/>
  <testcase classname="testcases.CreateNewServiceTerritory" name="createServiceTerritory" time="19.933"/>
  <system-out/>
</testsuite> <!-- testcases.CreateNewServiceTerritory -->
