<?xml version="1.0" encoding="UTF-8"?>
<!-- Generated by org.testng.reporters.JUnitReportReporter -->
<testsuite hostname="DESKTOP-8HI544M" failures="0" tests="1" name="testcases.Create_Account_S1106" time="57.441" errors="0" timestamp="2024-08-03T15:22:35 IST" skipped="0">
  <testcase classname="testcases.Create_Account_S1106" name="createAccount" time="57.441"/>
  <system-out/>
</testsuite> <!-- testcases.Create_Account_S1106 -->
