<?xml version="1.0" encoding="UTF-8"?>
<!-- Generated by org.testng.reporters.JUnitReportReporter -->
<testsuite hostname="DESKTOP-7I78RGS" failures="0" tests="1" name="testcases.Create_Account_S1106" time="31.800" errors="0" timestamp="2024-08-18T16:03:07 IST" skipped="0">
  <testcase classname="testcases.Create_Account_S1106" name="createAccount" time="31.800"/>
  <system-out/>
</testsuite> <!-- testcases.Create_Account_S1106 -->
