<?xml version="1.0" encoding="UTF-8"?>
<<<<<<< HEAD
<!-- Generated by org.testng.reporters.JUnitReportReporter -->
<testsuite hostname="DeSkToP-SuDhInDaR" failures="0" tests="1" name="testcases.WTG_Create" time="0.000" errors="0" timestamp="2024-08-18T17:09:25 IST" skipped="1">
  <testcase classname="testcases.WTG_Create" name="runWTGCreate" time="0.000">
    <skipped/>
  </testcase> <!-- runWTGCreate -->
=======
<!-- Generated by org.testng.reporters.JUnitReportReporter -->
<testsuite hostname="DESKTOP-06OS2VR" failures="0" tests="2" name="testcases.WTG_Create" time="148.029" errors="0" timestamp="2024-08-17T21:03:06 IST" skipped="0">
  <testcase classname="testcases.WTG_Create" name="runWTGCreate" time="73.530"/>
  <system-out/>
  <testcase classname="testcases.WTG_Create" name="runWTGCreate" time="74.499"/>
>>>>>>> branch 'master' of https://github.com/SeleniumbootcampRaghuteam/SeleniumBootcamp_Jun2024.git
  <system-out/>
</testsuite> <!-- testcases.WTG_Create -->
