<?xml version="1.0" encoding="UTF-8"?>
<!-- Generated by org.testng.reporters.JUnitReportReporter -->
<testsuite hostname="DESKTOP-06OS2VR" failures="0" tests="1" name="testcases.WTG_CreateWithoutMandatoryFields" time="77.677" errors="0" timestamp="2024-08-17T23:50:42 IST" skipped="0">
  <testcase classname="testcases.WTG_CreateWithoutMandatoryFields" name="runWTGCreateWithoutMandatoryFields" time="77.677"/>
  <system-out/>
</testsuite> <!-- testcases.WTG_CreateWithoutMandatoryFields -->
